Determining if the pthread_create exist failed with the following output:
Change Dir: /home/chin/Git/DLIB/tools/imglab/build/CMakeFiles/CMakeTmp

Run Build Command:/usr/bin/make "cmTryCompileExec793818220/fast"
/usr/bin/make -f CMakeFiles/cmTryCompileExec793818220.dir/build.make CMakeFiles/cmTryCompileExec793818220.dir/build
make[1]: Entering directory `/home/chin/Git/DLIB/tools/imglab/build/CMakeFiles/CMakeTmp'
/usr/bin/cmake -E cmake_progress_report /home/chin/Git/DLIB/tools/imglab/build/CMakeFiles/CMakeTmp/CMakeFiles 1
Building C object CMakeFiles/cmTryCompileExec793818220.dir/CheckSymbolExists.c.o
/usr/bin/cc    -o CMakeFiles/cmTryCompileExec793818220.dir/CheckSymbolExists.c.o   -c /home/chin/Git/DLIB/tools/imglab/build/CMakeFiles/CMakeTmp/CheckSymbolExists.c
Linking C executable cmTryCompileExec793818220
/usr/bin/cmake -E cmake_link_script CMakeFiles/cmTryCompileExec793818220.dir/link.txt --verbose=1
/usr/bin/cc       CMakeFiles/cmTryCompileExec793818220.dir/CheckSymbolExists.c.o  -o cmTryCompileExec793818220 -rdynamic 
CMakeFiles/cmTryCompileExec793818220.dir/CheckSymbolExists.c.o: In function `main':
CheckSymbolExists.c:(.text+0x16): undefined reference to `pthread_create'
collect2: error: ld returned 1 exit status
make[1]: *** [cmTryCompileExec793818220] Error 1
make[1]: Leaving directory `/home/chin/Git/DLIB/tools/imglab/build/CMakeFiles/CMakeTmp'
make: *** [cmTryCompileExec793818220/fast] Error 2

File /home/chin/Git/DLIB/tools/imglab/build/CMakeFiles/CMakeTmp/CheckSymbolExists.c:
/* */
#include <pthread.h>

int main(int argc, char** argv)
{
  (void)argv;
#ifndef pthread_create
  return ((int*)(&pthread_create))[argc];
#else
  (void)argc;
  return 0;
#endif
}

Determining if the function pthread_create exists in the pthreads failed with the following output:
Change Dir: /home/chin/Git/DLIB/tools/imglab/build/CMakeFiles/CMakeTmp

Run Build Command:/usr/bin/make "cmTryCompileExec2041394679/fast"
/usr/bin/make -f CMakeFiles/cmTryCompileExec2041394679.dir/build.make CMakeFiles/cmTryCompileExec2041394679.dir/build
make[1]: Entering directory `/home/chin/Git/DLIB/tools/imglab/build/CMakeFiles/CMakeTmp'
/usr/bin/cmake -E cmake_progress_report /home/chin/Git/DLIB/tools/imglab/build/CMakeFiles/CMakeTmp/CMakeFiles 1
Building C object CMakeFiles/cmTryCompileExec2041394679.dir/CheckFunctionExists.c.o
/usr/bin/cc   -DCHECK_FUNCTION_EXISTS=pthread_create   -o CMakeFiles/cmTryCompileExec2041394679.dir/CheckFunctionExists.c.o   -c /usr/share/cmake-2.8/Modules/CheckFunctionExists.c
Linking C executable cmTryCompileExec2041394679
/usr/bin/cmake -E cmake_link_script CMakeFiles/cmTryCompileExec2041394679.dir/link.txt --verbose=1
/usr/bin/cc   -DCHECK_FUNCTION_EXISTS=pthread_create    CMakeFiles/cmTryCompileExec2041394679.dir/CheckFunctionExists.c.o  -o cmTryCompileExec2041394679 -rdynamic -lpthreads 
/usr/bin/ld: cannot find -lpthreads
collect2: error: ld returned 1 exit status
make[1]: *** [cmTryCompileExec2041394679] Error 1
make[1]: Leaving directory `/home/chin/Git/DLIB/tools/imglab/build/CMakeFiles/CMakeTmp'
make: *** [cmTryCompileExec2041394679/fast] Error 2


Determining if the function sgetrf_single exists failed with the following output:
Change Dir: /home/chin/Git/DLIB/tools/imglab/build/CMakeFiles/CMakeTmp

Run Build Command:/usr/bin/make "cmTryCompileExec56748458/fast"
/usr/bin/make -f CMakeFiles/cmTryCompileExec56748458.dir/build.make CMakeFiles/cmTryCompileExec56748458.dir/build
make[1]: Entering directory `/home/chin/Git/DLIB/tools/imglab/build/CMakeFiles/CMakeTmp'
/usr/bin/cmake -E cmake_progress_report /home/chin/Git/DLIB/tools/imglab/build/CMakeFiles/CMakeTmp/CMakeFiles 1
Building C object CMakeFiles/cmTryCompileExec56748458.dir/CheckFunctionExists.c.o
/usr/bin/cc   -DCHECK_FUNCTION_EXISTS=sgetrf_single   -o CMakeFiles/cmTryCompileExec56748458.dir/CheckFunctionExists.c.o   -c /usr/share/cmake-2.8/Modules/CheckFunctionExists.c
Linking C executable cmTryCompileExec56748458
/usr/bin/cmake -E cmake_link_script CMakeFiles/cmTryCompileExec56748458.dir/link.txt --verbose=1
/usr/bin/cc   -DCHECK_FUNCTION_EXISTS=sgetrf_single    CMakeFiles/cmTryCompileExec56748458.dir/CheckFunctionExists.c.o  -o cmTryCompileExec56748458 -rdynamic -lopenblas 
CMakeFiles/cmTryCompileExec56748458.dir/CheckFunctionExists.c.o: In function `main':
CheckFunctionExists.c:(.text+0x15): undefined reference to `sgetrf_single'
collect2: error: ld returned 1 exit status
make[1]: *** [cmTryCompileExec56748458] Error 1
make[1]: Leaving directory `/home/chin/Git/DLIB/tools/imglab/build/CMakeFiles/CMakeTmp'
make: *** [cmTryCompileExec56748458/fast] Error 2


